<?xml version="1.0" encoding="UTF-8"?>
<testsuite name="TestSuite" time="897.591" tests="5" errors="0" skipped="0" failures="2">
  <properties>
[...]
</properties>
  <testcase name="test_01" classname="com.browserstack.suite.SuiteReconcileScenario1" time="41.782">
    <failure message="An element could not be located on the page using the given search parameters. (WARNING: The server did not provide any stacktrace information)&#10;Command duration or timeout: 5.35 seconds&#10;For documentation on this error, please visit: http://seleniumhq.org/exceptions/no_such_element.html&#10;Build info: version: &apos;2.52.0&apos;, revision: &apos;4c2593cfc3689a7fcd7be52549167e5ccc93ad28&apos;, time: &apos;2016-02-11 11:22:43&apos;&#10;System info: host: &apos;DESKTOP-GVPH1DS&apos;, ip: &apos;192.168.1.105&apos;, os.name: &apos;Windows 10&apos;, os.arch: &apos;amd64&apos;, os.version: &apos;10.0&apos;, java.version: &apos;1.8.0_171&apos;&#10;Driver info: io.appium.java_client.android.AndroidDriver&#10;Capabilities [{appPackage=com.mmfais.app, browserstack.tunnelIdentifier=, browserstack.appiumLogs=true, bundleID=com.mmfais.app, deviceName=samsung galaxy s8, platform=ANDROID, browserstack.deviceLogs=true, browserstack.video.disableWaterMark=true, acceptSslCerts=false, nativeWebScreenshot=true, acceptSslCert=false, automationName=uiautomator2, platformName=android, udid=ce04171420af10fb0c, 64bit=false, appium_port=38084, browserstack.debug=true, systemPort=8204, browserstack.minOSVersion=5.0, browserstack.ie.noFlash=false, os_version=, mobile={browser=mobile, version=Samsung Galaxy S8-7.0}, version=, appActivity=com.mmfais.app.MainActivity, browserstack.video=true, orig_os=android, realMobile=true, device=samsung galaxy s8, browserstack.callbackStop=true, proxy_type=node}]&#10;Session ID: 3688bc4578d5f7142ef55b6c9057ea5100c04e19&#10;*** Element info: {Using=-android uiautomator, value=UiSelector().textMatches(&quot;Enter Name&quot;)}" type="org.openqa.selenium.NoSuchElementException">org.openqa.selenium.NoSuchElementException: An element could not be located on the page using the given search parameters. (WARNING: The server did not provide any stacktrace information)
Command duration or timeout: 5.35 seconds
For documentation on this error, please visit: http://seleniumhq.org/exceptions/no_such_element.html
Build info: version: '2.52.0', revision: '4c2593cfc3689a7fcd7be52549167e5ccc93ad28', time: '2016-02-11 11:22:43'
System info: host: 'DESKTOP-GVPH1DS', ip: '192.168.1.105', os.name: 'Windows 10', os.arch: 'amd64', os.version: '10.0', java.version: '1.8.0_171'
Driver info: io.appium.java_client.android.AndroidDriver
Capabilities [{appPackage=com.mmfais.app, browserstack.tunnelIdentifier=, browserstack.appiumLogs=true, bundleID=com.mmfais.app, deviceName=samsung galaxy s8, platform=ANDROID, browserstack.deviceLogs=true, browserstack.video.disableWaterMark=true, acceptSslCerts=false, nativeWebScreenshot=true, acceptSslCert=false, automationName=uiautomator2, platformName=android, udid=ce04171420af10fb0c, 64bit=false, appium_port=38084, browserstack.debug=true, systemPort=8204, browserstack.minOSVersion=5.0, browserstack.ie.noFlash=false, os_version=, mobile={browser=mobile, version=Samsung Galaxy S8-7.0}, version=, appActivity=com.mmfais.app.MainActivity, browserstack.video=true, orig_os=android, realMobile=true, device=samsung galaxy s8, browserstack.callbackStop=true, proxy_type=node}]
Session ID: 3688bc4578d5f7142ef55b6c9057ea5100c04e19
*** Element info: {Using=-android uiautomator, value=UiSelector().textMatches("Enter Name")}
	at sun.reflect.NativeConstructorAccessorImpl.newInstance0(Native Method)
	at sun.reflect.NativeConstructorAccessorImpl.newInstance(NativeConstructorAccessorImpl.java:62)
	at sun.reflect.DelegatingConstructorAccessorImpl.newInstance(DelegatingConstructorAccessorImpl.java:45)
	at java.lang.reflect.Constructor.newInstance(Constructor.java:423)
	at org.openqa.selenium.remote.ErrorHandler.createThrowable(ErrorHandler.java:206)
	at org.openqa.selenium.remote.ErrorHandler.throwIfResponseFailed(ErrorHandler.java:158)
	at org.openqa.selenium.remote.RemoteWebDriver.execute(RemoteWebDriver.java:678)
	at io.appium.java_client.DefaultGenericMobileDriver.execute(DefaultGenericMobileDriver.java:40)
	at io.appium.java_client.AppiumDriver.execute(AppiumDriver.java:1)
	at io.appium.java_client.android.AndroidDriver.execute(AndroidDriver.java:1)
	at org.openqa.selenium.remote.RemoteWebDriver.findElement(RemoteWebDriver.java:363)
	at io.appium.java_client.DefaultGenericMobileDriver.findElement(DefaultGenericMobileDriver.java:56)
	at io.appium.java_client.AppiumDriver.findElement(AppiumDriver.java:1)
	at io.appium.java_client.android.AndroidDriver.findElement(AndroidDriver.java:1)
	at io.appium.java_client.android.AndroidDriver.findElementByAndroidUIAutomator(AndroidDriver.java:365)
	at com.browserstack.suite.AppKeyWords.checkReconcilingScenario1(AppKeyWords.java:385)
	at com.browserstack.suite.SuiteReconcileScenario1.test_01(SuiteReconcileScenario1.java:25)
</failure>
    <system-out><![CDATA[First Alert of the test
]]></system-out>
  </testcase>
  <testcase name="test_01" classname="com.browserstack.suite.SuiteReconcileScenario2" time="147.996"/>
  <testcase name="test_01" classname="com.browserstack.suite.SuiteCheckingAlertsAndErrors" time="178.637"/>
  <testcase name="test_01" classname="com.browserstack.suite.SuiteSpent" time="364.302"/>
  <testcase name="test_01" classname="com.browserstack.suite.SuiteAddABillWithSaving" time="164.874">
    <failure message="The following asserts failed:&#10;	expected [0] but found [180]" type="java.lang.AssertionError">java.lang.AssertionError: The following asserts failed:
	expected [0] but found [180]
	at org.testng.asserts.SoftAssert.assertAll(SoftAssert.java:43)
	at com.browserstack.suite.AppKeyWords.addABillWithSaving(AppKeyWords.java:136)
	at com.browserstack.suite.SuiteAddABillWithSaving.test_01(SuiteAddABillWithSaving.java:25)
</failure>
  </testcase>
</testsuite>