<?xml version="1.0" encoding="UTF-8"?>
<!-- Generated by org.testng.reporters.JUnitXMLReporter -->
<testsuite hostname="DESKTOP-GVPH1DS" name="TestGalaxyNote4" tests="2" failures="1" timestamp="28 Jul 2018 07:37:17 GMT" time="218.425" errors="0">
  <testcase name="test_01" time="85.897" classname="com.browserstack.suite.SuiteAddGoals">
    <failure type="org.openqa.selenium.NoSuchElementException" message="An element could not be located on the page using the given search parameters. (WARNING: The server did not provide any stacktrace information)
Command duration or timeout: 5.33 seconds
For documentation on this error, please visit: http://seleniumhq.org/exceptions/no_such_element.html
Build info: version: &amp;apos;2.52.0&amp;apos;, revision: &amp;apos;4c2593cfc3689a7fcd7be52549167e5ccc93ad28&amp;apos;, time: &amp;apos;2016-02-11 11:22:43&amp;apos;
System info: host: &amp;apos;DESKTOP-GVPH1DS&amp;apos;, ip: &amp;apos;192.168.1.103&amp;apos;, os.name: &amp;apos;Windows 10&amp;apos;, os.arch: &amp;apos;amd64&amp;apos;, os.version: &amp;apos;10.0&amp;apos;, java.version: &amp;apos;1.8.0_171&amp;apos;
Driver info: io.appium.java_client.android.AndroidDriver
Capabilities [{appPackage=com.mmfais.app, browserstack.tunnelIdentifier=, browserstack.appiumLogs=true, bundleID=com.mmfais.app, deviceName=samsung galaxy note 4, platform=ANDROID, browserstack.deviceLogs=true, browserstack.video.disableWaterMark=true, acceptSslCerts=false, nativeWebScreenshot=true, acceptSslCert=false, automationName=uiautomator2, platformName=android, udid=410036a656751217, 64bit=false, appium_port=38083, browserstack.debug=true, systemPort=8203, browserstack.minOSVersion=5.0, browserstack.ie.noFlash=false, os_version=, mobile={browser=tablet, version=Samsung Galaxy Note 4-6.0}, version=, appActivity=com.mmfais.app.MainActivity, browserstack.video=true, orig_os=android, realMobile=true, device=samsung galaxy note 4, browserstack.callbackStop=true, proxy_type=node}]
Session ID: 917fa50bc2b6a448db442746069caf8b105dbaaa
*** Element info: {Using=-android uiautomator, value=UiSelector().textMatches(&amp;quot;Enter payee name&amp;quot;)}">
      <![CDATA[org.openqa.selenium.NoSuchElementException: An element could not be located on the page using the given search parameters. (WARNING: The server did not provide any stacktrace information)
Command duration or timeout: 5.33 seconds
For documentation on this error, please visit: http://seleniumhq.org/exceptions/no_such_element.html
Build info: version: '2.52.0', revision: '4c2593cfc3689a7fcd7be52549167e5ccc93ad28', time: '2016-02-11 11:22:43'
System info: host: 'DESKTOP-GVPH1DS', ip: '192.168.1.103', os.name: 'Windows 10', os.arch: 'amd64', os.version: '10.0', java.version: '1.8.0_171'
Driver info: io.appium.java_client.android.AndroidDriver
Capabilities [{appPackage=com.mmfais.app, browserstack.tunnelIdentifier=, browserstack.appiumLogs=true, bundleID=com.mmfais.app, deviceName=samsung galaxy note 4, platform=ANDROID, browserstack.deviceLogs=true, browserstack.video.disableWaterMark=true, acceptSslCerts=false, nativeWebScreenshot=true, acceptSslCert=false, automationName=uiautomator2, platformName=android, udid=410036a656751217, 64bit=false, appium_port=38083, browserstack.debug=true, systemPort=8203, browserstack.minOSVersion=5.0, browserstack.ie.noFlash=false, os_version=, mobile={browser=tablet, version=Samsung Galaxy Note 4-6.0}, version=, appActivity=com.mmfais.app.MainActivity, browserstack.video=true, orig_os=android, realMobile=true, device=samsung galaxy note 4, browserstack.callbackStop=true, proxy_type=node}]
Session ID: 917fa50bc2b6a448db442746069caf8b105dbaaa
*** Element info: {Using=-android uiautomator, value=UiSelector().textMatches("Enter payee name")}
	at org.openqa.selenium.remote.ErrorHandler.createThrowable(ErrorHandler.java:206)
	at org.openqa.selenium.remote.ErrorHandler.throwIfResponseFailed(ErrorHandler.java:158)
	at org.openqa.selenium.remote.RemoteWebDriver.execute(RemoteWebDriver.java:678)
	at io.appium.java_client.DefaultGenericMobileDriver.execute(DefaultGenericMobileDriver.java:40)
	at io.appium.java_client.AppiumDriver.execute(AppiumDriver.java:1)
	at io.appium.java_client.android.AndroidDriver.execute(AndroidDriver.java:1)
	at org.openqa.selenium.remote.RemoteWebDriver.findElement(RemoteWebDriver.java:363)
	at io.appium.java_client.DefaultGenericMobileDriver.findElement(DefaultGenericMobileDriver.java:56)
	at io.appium.java_client.AppiumDriver.findElement(AppiumDriver.java:1)
	at io.appium.java_client.android.AndroidDriver.findElement(AndroidDriver.java:1)
	at io.appium.java_client.android.AndroidDriver.findElementByAndroidUIAutomator(AndroidDriver.java:365)
	at com.browserstack.suite.SuiteAddGoals.test_01(SuiteAddGoals.java:44)
	at java.util.concurrent.ThreadPoolExecutor.runWorker(ThreadPoolExecutor.java:1149)
	at java.util.concurrent.ThreadPoolExecutor$Worker.run(ThreadPoolExecutor.java:624)
	at java.lang.Thread.run(Thread.java:748)
... Removed 14 stack frames]]>
    </failure>
  </testcase> <!-- test_01 -->
  <testcase name="test_01" time="152.829" classname="com.browserstack.suite.SuiteReconcile"/>
</testsuite> <!-- TestGalaxyNote4 -->
